<?xml version="1.0" encoding="UTF-8"?>
<!-- Generated by org.testng.reporters.JUnitReportReporter -->
<testsuite hostname="LP-5CD2125Y3J" failures="0" tests="1" name="runnerTestng.Run1" time="39.605" errors="0" timestamp="2022-08-29T12:46:57 IST" skipped="0">
  <testcase classname="runnerTestng.Run1" name="runScenario" time="39.605"/>
  <system-out/>
</testsuite> <!-- runnerTestng.Run1 -->
