<?xml version="1.0" encoding="UTF-8"?>
<!-- Generated by org.testng.reporters.JUnitReportReporter -->
<testsuite hostname="LP-5CD2125Y3J" failures="0" tests="1" name="functionality.ValidLogin" time="11.746" errors="0" timestamp="2022-08-03T14:28:06 IST" skipped="0">
  <testcase classname="functionality.ValidLogin" name="loginpage" time="11.746"/>
  <system-out/>
</testsuite> <!-- functionality.ValidLogin -->
