<?xml version="1.0" encoding="UTF-8"?>
<!-- Generated by org.testng.reporters.JUnitReportReporter -->
<testsuite hostname="LP-5CD2125Y3J" failures="0" tests="1" name="demoExtent.sample" time="10.078" errors="0" timestamp="2022-08-08T14:11:15 IST" skipped="0">
  <testcase classname="demoExtent.sample" name="f" time="10.078"/>
  <system-out/>
</testsuite> <!-- demoExtent.sample -->
