<?xml version="1.0" encoding="UTF-8"?>
<!-- Generated by org.testng.reporters.JUnitReportReporter -->
<testsuite hostname="LP-5CD2125Y3J" failures="0" tests="6" name="extentreport5.ExtentReportDemo" time="0.014" errors="0" timestamp="2022-08-06T07:17:45 IST" skipped="0">
  <testcase classname="extentreport5.ExtentReportDemo" name="f1" time="0.010"/>
  <system-out/>
  <testcase classname="extentreport5.ExtentReportDemo" name="f5" time="0.001"/>
  <system-out/>
  <testcase classname="extentreport5.ExtentReportDemo" name="f3" time="0.001"/>
  <system-out/>
  <testcase classname="extentreport5.ExtentReportDemo" name="f2" time="0.002"/>
  <system-out/>
  <testcase classname="extentreport5.ExtentReportDemo" name="f6" time="0.000"/>
  <system-out/>
  <testcase classname="extentreport5.ExtentReportDemo" name="f4" time="0.000"/>
  <system-out/>
</testsuite> <!-- extentreport5.ExtentReportDemo -->
