<?xml version="1.0" encoding="UTF-8"?>
<!-- Generated by org.testng.reporters.JUnitReportReporter -->
<testsuite hostname="LP-5CD2125Y3J" failures="0" tests="3" name="runner.RunWithTestng2$Run" time="59.849" errors="0" timestamp="2022-09-06T19:09:49 IST" skipped="0">
  <testcase classname="runner.RunWithTestng2$Run" name="runScenario" time="21.880"/>
  <system-out/>
  <testcase classname="runner.RunWithTestng2$Run" name="runScenario" time="20.117"/>
  <system-out/>
  <testcase classname="runner.RunWithTestng2$Run" name="runScenario" time="17.852"/>
  <system-out/>
</testsuite> <!-- runner.RunWithTestng2$Run -->
